{"type":"server-started","port":63473,"host":"127.0.0.1","url_host":"localhost","url":"http://localhost:63473","screen_dir":"/Users/dalehealyegan/Desktop/CrossFit/crossfit-app/.superpowers/brainstorm/99176-1774353903"}
{"type":"screen-added","file":"/Users/dalehealyegan/Desktop/CrossFit/crossfit-app/.superpowers/brainstorm/99176-1774353903/landing-style.html"}
{"type":"screen-updated","file":"/Users/dalehealyegan/Desktop/CrossFit/crossfit-app/.superpowers/brainstorm/99176-1774353903/landing-style.html"}
{"type":"screen-updated","file":"/Users/dalehealyegan/Desktop/CrossFit/crossfit-app/.superpowers/brainstorm/99176-1774353903/landing-style.html"}
{"type":"screen-updated","file":"/Users/dalehealyegan/Desktop/CrossFit/crossfit-app/.superpowers/brainstorm/99176-1774353903/landing-style.html"}
{"source":"user-event","type":"click","text":"IRON PEAK\n      \n      \n        Train Smarter.Perform Better.\n        AI-generated CrossFit programs tailored to your gym's style.\n        GET STARTED\n      \n    \n    \n      Dark & Elite\n      Premium dark theme with gold accents. Feels exclusive, serious, high-performance. Matches your current color scheme.","choice":"dark-elite","id":null,"timestamp":1774353948893}
{"source":"user-event","type":"click","text":"IRON PEAK\n      \n      \n        Train Smarter.Perform Better.\n        AI-generated CrossFit programs tailored to your gym's style.\n        GET STARTED\n      \n    \n    \n      Dark & Elite\n      Premium dark theme with gold accents. Feels exclusive, serious, high-performance. Matches your current color scheme.","choice":"dark-elite","id":null,"timestamp":1774353951650}
{"source":"user-event","type":"click","text":"IRON PEAK\n      \n      \n        Train Smarter.Perform Better.\n        AI-generated CrossFit programs tailored to your gym's style.\n        GET STARTED\n      \n    \n    \n      Dark & Elite\n      Premium dark theme with gold accents. Feels exclusive, serious, high-performance. Matches your current color scheme.","choice":"dark-elite","id":null,"timestamp":1774353951932}
{"source":"user-event","type":"click","text":"IRON PEAK\n      \n      \n        Train Smarter.Perform Better.\n        AI-generated CrossFit programs tailored to your gym's style.\n        GET STARTED\n      \n    \n    \n      Dark & Elite\n      Premium dark theme with gold accents. Feels exclusive, serious, high-performance. Matches your current color scheme.","choice":"dark-elite","id":null,"timestamp":1774353952189}
{"source":"user-event","type":"click","text":"IRON PEAK\n      \n      \n        Train Smarter.Perform Better.\n        AI-generated CrossFit programs tailored to your gym's style.\n        GET STARTED\n      \n    \n    \n      Dark & Elite\n      Premium dark theme with gold accents. Feels exclusive, serious, high-performance. Matches your current color scheme.","choice":"dark-elite","id":null,"timestamp":1774353953178}
{"type":"screen-added","file":"/Users/dalehealyegan/Desktop/CrossFit/crossfit-app/.superpowers/brainstorm/99176-1774353903/waiting.html"}
{"type":"screen-updated","file":"/Users/dalehealyegan/Desktop/CrossFit/crossfit-app/.superpowers/brainstorm/99176-1774353903/waiting.html"}
{"type":"screen-updated","file":"/Users/dalehealyegan/Desktop/CrossFit/crossfit-app/.superpowers/brainstorm/99176-1774353903/waiting.html"}
{"type":"screen-updated","file":"/Users/dalehealyegan/Desktop/CrossFit/crossfit-app/.superpowers/brainstorm/99176-1774353903/waiting.html"}
{"type":"screen-added","file":"/Users/dalehealyegan/Desktop/CrossFit/crossfit-app/.superpowers/brainstorm/99176-1774353903/landing-mockup.html"}
{"type":"screen-updated","file":"/Users/dalehealyegan/Desktop/CrossFit/crossfit-app/.superpowers/brainstorm/99176-1774353903/landing-mockup.html"}
{"type":"screen-updated","file":"/Users/dalehealyegan/Desktop/CrossFit/crossfit-app/.superpowers/brainstorm/99176-1774353903/landing-mockup.html"}
{"type":"screen-updated","file":"/Users/dalehealyegan/Desktop/CrossFit/crossfit-app/.superpowers/brainstorm/99176-1774353903/landing-mockup.html"}
{"type":"screen-added","file":"/Users/dalehealyegan/Desktop/CrossFit/crossfit-app/.superpowers/brainstorm/99176-1774353903/logo-options.html"}
{"type":"screen-updated","file":"/Users/dalehealyegan/Desktop/CrossFit/crossfit-app/.superpowers/brainstorm/99176-1774353903/logo-options.html"}
{"type":"screen-updated","file":"/Users/dalehealyegan/Desktop/CrossFit/crossfit-app/.superpowers/brainstorm/99176-1774353903/logo-options.html"}
{"type":"screen-updated","file":"/Users/dalehealyegan/Desktop/CrossFit/crossfit-app/.superpowers/brainstorm/99176-1774353903/logo-options.html"}
{"source":"user-event","type":"click","text":"KOVA\n    \n    \n      Hexagon\n      Strong geometric shape. Implies structure, precision, performance. Used in the mockup above.","choice":"hexagon","id":null,"timestamp":1774354191274}
{"type":"screen-added","file":"/Users/dalehealyegan/Desktop/CrossFit/crossfit-app/.superpowers/brainstorm/99176-1774353903/waiting-2.html"}
{"type":"screen-updated","file":"/Users/dalehealyegan/Desktop/CrossFit/crossfit-app/.superpowers/brainstorm/99176-1774353903/waiting-2.html"}
{"type":"screen-updated","file":"/Users/dalehealyegan/Desktop/CrossFit/crossfit-app/.superpowers/brainstorm/99176-1774353903/waiting-2.html"}
{"type":"server-stopped","reason":"idle timeout"}
